{
  "stats": {
    "suites": 2,
    "tests": 6,
    "passes": 6,
    "pending": 0,
    "failures": 0,
    "start": "2019-08-12T05:19:56.551Z",
    "end": "2019-08-12T05:19:56.553Z",
    "duration": 96583,
    "testsRegistered": 6,
    "passPercent": 100,
    "pendingPercent": 0,
    "other": 0,
    "hasOther": false,
    "skipped": 0,
    "hasSkipped": false
  },
  "results": [
    {
      "uuid": "4332ffb2-b52a-450b-8bcf-2544bfb9ab01",
      "title": "",
      "fullFile": "",
      "file": "",
      "beforeHooks": [],
      "afterHooks": [],
      "tests": [],
      "suites": [
        {
          "uuid": "4f22443b-0c6a-4c40-b4f8-db37ab3ee10c",
          "title": "Searching for a product",
          "fullFile": "",
          "file": "",
          "beforeHooks": [],
          "afterHooks": [],
          "tests": [
            {
              "title": "Searches for product - valid and invalid input",
              "fullTitle": "Searching for a product Searches for product - valid and invalid input",
              "timedOut": null,
              "duration": 18801,
              "state": "passed",
              "speed": "slow",
              "pass": true,
              "fail": false,
              "pending": false,
              "context": null,
              "code": "var input = [{\n  product: 'dress',\n  returned_info: 'Sort by'\n}, {\n  product: 'xxxTT^&LL',\n  returned_info: 'No results'\n}, {\n  product: ' ',\n  returned_info: 'No results'\n}];\ninput.forEach(function (input) {\n  var product = input.product,\n      returned_info = input.returned_info;\n  cy.get('#search_query_top').type(product);\n  cy.get('#searchbox > .btn').click();\n  cy.url().should('include', 'submit_search=');\n  cy.contains(returned_info).should('be.visible');\n  cy.get('.search_query').clear();\n});\ncy.get('#searchbox > .btn').click();\ncy.contains('Please enter a search keyword');",
              "err": {},
              "uuid": "f132d0ff-e805-4375-8968-4fc015d03618",
              "parentUUID": "4f22443b-0c6a-4c40-b4f8-db37ab3ee10c",
              "isHook": false,
              "skipped": false
            },
            {
              "title": "searches for auto complete to finish and selects a product",
              "fullTitle": "Searching for a product searches for auto complete to finish and selects a product",
              "timedOut": null,
              "duration": 19244,
              "state": "passed",
              "speed": "slow",
              "pass": true,
              "fail": false,
              "pending": false,
              "context": null,
              "code": "cy.get('#search_query_top').type('dress');\ncy.get('div.ac_results').find('li').contains('Dress').click();\ncy.url().should('include', 'controller=product');",
              "err": {},
              "uuid": "889663b7-170e-4ff0-b856-55a94d75f8c3",
              "parentUUID": "4f22443b-0c6a-4c40-b4f8-db37ab3ee10c",
              "isHook": false,
              "skipped": false
            },
            {
              "title": "goes to product page and checks for pre-selected options",
              "fullTitle": "Searching for a product goes to product page and checks for pre-selected options",
              "timedOut": null,
              "duration": 12259,
              "state": "passed",
              "speed": "slow",
              "pass": true,
              "fail": false,
              "pending": false,
              "context": null,
              "code": "cy.get('.replace-2x.img-responsive').first().click();\ncy.get('#group_1').find(\"[title=S]\").should('have.attr', \"selected\");",
              "err": {},
              "uuid": "06b83b05-312b-4377-87d3-2b631d78e39c",
              "parentUUID": "4f22443b-0c6a-4c40-b4f8-db37ab3ee10c",
              "isHook": false,
              "skipped": false
            }
          ],
          "suites": [],
          "passes": [
            "f132d0ff-e805-4375-8968-4fc015d03618",
            "889663b7-170e-4ff0-b856-55a94d75f8c3",
            "06b83b05-312b-4377-87d3-2b631d78e39c"
          ],
          "failures": [],
          "pending": [],
          "skipped": [],
          "duration": 50304,
          "root": false,
          "rootEmpty": false,
          "_timeout": 2000
        }
      ],
      "passes": [],
      "failures": [],
      "pending": [],
      "skipped": [],
      "duration": 0,
      "root": true,
      "rootEmpty": true,
      "_timeout": 2000
    },
    {
      "uuid": "ac859784-b885-4068-9179-0b1449abee2d",
      "title": "",
      "fullFile": "",
      "file": "",
      "beforeHooks": [],
      "afterHooks": [],
      "tests": [],
      "suites": [
        {
          "uuid": "514f87b2-585b-4f04-b4ca-2f0f035e1b3f",
          "title": "Searching for a product",
          "fullFile": "",
          "file": "",
          "beforeHooks": [],
          "afterHooks": [],
          "tests": [
            {
              "title": "Searches for product - valid and invalid input",
              "fullTitle": "Searching for a product Searches for product - valid and invalid input",
              "timedOut": null,
              "duration": 19184,
              "state": "passed",
              "speed": "slow",
              "pass": true,
              "fail": false,
              "pending": false,
              "context": null,
              "code": "var input = [{\n  product: 'dress',\n  returned_info: 'Sort by'\n}, {\n  product: 'xxxTT^&LL',\n  returned_info: 'No results'\n}, {\n  product: ' ',\n  returned_info: 'No results'\n}];\ninput.forEach(function (input) {\n  var product = input.product,\n      returned_info = input.returned_info;\n  cy.get('#search_query_top').type(product);\n  cy.get('#searchbox > .btn').click();\n  cy.url().should('include', 'submit_search=');\n  cy.contains(returned_info).should('be.visible');\n  cy.get('.search_query').clear();\n});\ncy.get('#searchbox > .btn').click();\ncy.contains('Please enter a search keyword');",
              "err": {},
              "uuid": "8be49691-0854-450f-a40e-b55da7b97bcc",
              "parentUUID": "514f87b2-585b-4f04-b4ca-2f0f035e1b3f",
              "isHook": false,
              "skipped": false
            },
            {
              "title": "searches for auto complete to finish and selects a product",
              "fullTitle": "Searching for a product searches for auto complete to finish and selects a product",
              "timedOut": null,
              "duration": 15987,
              "state": "passed",
              "speed": "slow",
              "pass": true,
              "fail": false,
              "pending": false,
              "context": null,
              "code": "cy.get('#search_query_top').type('dress');\ncy.get('div.ac_results').find('li').contains('Dress').click();\ncy.url().should('include', 'controller=product');",
              "err": {},
              "uuid": "86faad09-9428-42db-9d0c-7ceccb52854c",
              "parentUUID": "514f87b2-585b-4f04-b4ca-2f0f035e1b3f",
              "isHook": false,
              "skipped": false
            },
            {
              "title": "goes to product page and checks for pre-selected options",
              "fullTitle": "Searching for a product goes to product page and checks for pre-selected options",
              "timedOut": null,
              "duration": 11108,
              "state": "passed",
              "speed": "slow",
              "pass": true,
              "fail": false,
              "pending": false,
              "context": null,
              "code": "cy.get('.replace-2x.img-responsive').first().click();\ncy.get('#group_1').find(\"[title=S]\").should('have.attr', \"selected\");",
              "err": {},
              "uuid": "15eccd12-89b3-479f-ae9e-c732bd43825c",
              "parentUUID": "514f87b2-585b-4f04-b4ca-2f0f035e1b3f",
              "isHook": false,
              "skipped": false
            }
          ],
          "suites": [],
          "passes": [
            "8be49691-0854-450f-a40e-b55da7b97bcc",
            "86faad09-9428-42db-9d0c-7ceccb52854c",
            "15eccd12-89b3-479f-ae9e-c732bd43825c"
          ],
          "failures": [],
          "pending": [],
          "skipped": [],
          "duration": 46279,
          "root": false,
          "rootEmpty": false,
          "_timeout": 2000
        }
      ],
      "passes": [],
      "failures": [],
      "pending": [],
      "skipped": [],
      "duration": 0,
      "root": true,
      "rootEmpty": true,
      "_timeout": 2000
    }
  ],
  "meta": {
    "mocha": {
      "version": "5.2.0"
    },
    "mochawesome": {
      "options": {
        "quiet": false,
        "reportFilename": "mochawesome",
        "saveHtml": false,
        "saveJson": true,
        "consoleReporter": "spec",
        "useInlineDiffs": false
      },
      "version": "4.1.0"
    },
    "marge": {
      "options": {
        "reportDir": "cypress/results",
        "overwrite": false,
        "html": false,
        "json": true
      },
      "version": "4.0.1"
    }
  }
}